0001_0010_0010_0060_0060.jpg 1 10 10 60 60
0002_0011_0031_0042_0042.jpg 1 11 31 42 42
0003_0019_0011_0051_0051.jpg 1 19 11 51 51
0004_0013_0006_0058_0058.jpg 1 13 6 58 58
0005_0013_0027_0050_0050.jpg 1 13 27 50 50
0006_0032_0006_0047_0047.jpg 1 32 6 47 47
0007_0012_0024_0065_0065.jpg 1 12 24 65 65
0008_0046_0042_0032_0032.jpg 1 46 42 32 32
0009_0022_0016_0064_0064.jpg 1 22 16 64 64
0010_0028_0021_0061_0061.jpg 1 28 21 61 61
0011_0015_0027_0054_0054.jpg 1 15 27 54 54
0012_0012_0025_0055_0055.jpg 1 12 25 55 55
0013_0041_0036_0024_0024.jpg 1 41 36 24 24
0014_0029_0011_0031_0031.jpg 1 29 11 31 31
0015_0040_0012_0042_0042.jpg 1 40 12 42 42
0016_0033_0040_0031_0031.jpg 1 33 40 31 31
0017_0017_0005_0069_0069.jpg 1 17 5 69 69
0018_0011_0019_0059_0059.jpg 1 11 19 59 59
0019_0031_0044_0030_0030.jpg 1 31 44 30 30
0020_0025_0012_0068_0068.jpg 1 25 12 68 68
0021_0007_0029_0063_0063.jpg 1 7 29 63 63
0022_0037_0010_0033_0033.jpg 1 37 10 33 33
0023_0014_0017_0045_0045.jpg 1 14 17 45 45
0024_0013_0025_0067_0067.jpg 1 13 25 67 67
0025_0010_0027_0063_0063.jpg 1 10 27 63 63
0026_0010_0015_0064_0064.jpg 1 10 15 64 64
0027_0010_0010_0027_0027.jpg 1 10 10 27 27
0028_0013_0010_0065_0065.jpg 1 13 10 65 65
0029_0018_0030_0061_0061.jpg 1 18 30 61 61
0030_0018_0009_0050_0050.jpg 1 18 9 50 50
0031_0026_0013_0066_0066.jpg 1 26 13 66 66
0032_0017_0025_0057_0057.jpg 1 17 25 57 57
0033_0019_0004_0064_0064.jpg 1 19 4 64 64
0034_0036_0040_0049_0049.jpg 1 36 40 49 49
0035_0043_0041_0040_0040.jpg 1 43 41 40 40
0036_0016_0014_0064_0064.jpg 1 16 14 64 64
0037_0012_0014_0059_0059.jpg 1 12 14 59 59
0038_0021_0019_0063_0063.jpg 1 21 19 63 63
0039_0023_0022_0052_0052.jpg 1 23 22 52 52
0040_0009_0015_0029_0029.jpg 1 9 15 29 29
0041_0037_0015_0049_0049.jpg 1 37 15 49 49
0042_0008_0008_0055_0055.jpg 1 8 8 55 55
0043_0014_0009_0033_0033.jpg 1 14 9 33 33
0044_0021_0005_0057_0057.jpg 1 21 5 57 57
0045_0009_0029_0049_0049.jpg 1 9 29 49 49
0046_0009_0040_0044_0044.jpg 1 9 40 44 44
0047_0013_0019_0068_0068.jpg 1 13 19 68 68
0048_0047_0026_0030_0030.jpg 1 47 26 30 30
0049_0051_0058_0024_0024.jpg 1 51 58 24 24
0050_0031_0033_0053_0053.jpg 1 31 33 53 53
0051_0010_0039_0025_0025.jpg 1 10 39 25 25
0052_0042_0009_0038_0038.jpg 1 42 9 38 38
0053_0008_0018_0037_0037.jpg 1 8 18 37 37
0054_0016_0024_0048_0048.jpg 1 16 24 48 48
0055_0032_0013_0057_0057.jpg 1 32 13 57 57
0056_0024_0015_0039_0039.jpg 1 24 15 39 39
0057_0025_0017_0055_0055.jpg 1 25 17 55 55
0058_0023_0042_0029_0029.jpg 1 23 42 29 29
0059_0025_0049_0031_0031.jpg 1 25 49 31 31
0060_0037_0014_0045_0045.jpg 1 37 14 45 45
0061_0025_0014_0066_0066.jpg 1 25 14 66 66
0062_0007_0047_0026_0026.jpg 1 7 47 26 26
0063_0039_0018_0032_0032.jpg 1 39 18 32 32
0064_0020_0026_0046_0046.jpg 1 20 26 46 46
0065_0019_0038_0049_0049.jpg 1 19 38 49 49
0066_0031_0009_0060_0060.jpg 1 31 9 60 60
0067_0020_0009_0052_0052.jpg 1 20 9 52 52
0068_0014_0029_0027_0027.jpg 1 14 29 27 27
0069_0022_0049_0024_0024.jpg 1 22 49 24 24
0070_0049_0029_0030_0030.jpg 1 49 29 30 30
0071_0023_0036_0049_0049.jpg 1 23 36 49 49
0072_0024_0023_0067_0067.jpg 1 24 23 67 67
0073_0014_0028_0047_0047.jpg 1 14 28 47 47
0074_0016_0007_0061_0061.jpg 1 16 7 61 61
0075_0022_0012_0062_0062.jpg 1 22 12 62 62
0076_0009_0016_0068_0068.jpg 1 9 16 68 68
0077_0006_0022_0062_0062.jpg 1 6 22 62 62
0078_0043_0010_0042_0042.jpg 1 43 10 42 42
0079_0004_0024_0066_0066.jpg 1 4 24 66 66
0080_0050_0013_0035_0035.jpg 1 50 13 35 35
0081_0013_0050_0036_0036.jpg 1 13 50 36 36
0082_0010_0023_0065_0065.jpg 1 10 23 65 65
0083_0013_0020_0035_0035.jpg 1 13 20 35 35
0084_0026_0027_0065_0065.jpg 1 26 27 65 65
0085_0040_0008_0046_0046.jpg 1 40 8 46 46
0086_0006_0023_0053_0053.jpg 1 6 23 53 53
0087_0047_0039_0035_0035.jpg 1 47 39 35 35
0088_0017_0034_0029_0029.jpg 1 17 34 29 29
0089_0035_0027_0048_0048.jpg 1 35 27 48 48
0090_0015_0021_0061_0061.jpg 1 15 21 61 61
0091_0024_0028_0046_0046.jpg 1 24 28 46 46
0092_0022_0010_0045_0045.jpg 1 22 10 45 45
0093_0024_0020_0060_0060.jpg 1 24 20 60 60
0094_0028_0018_0053_0053.jpg 1 28 18 53 53
0095_0034_0014_0056_0056.jpg 1 34 14 56 56
0096_0011_0012_0055_0055.jpg 1 11 12 55 55
0097_0023_0020_0063_0063.jpg 1 23 20 63 63
0098_0010_0015_0068_0068.jpg 1 10 15 68 68
0099_0019_0041_0039_0039.jpg 1 19 41 39 39
0100_0018_0027_0044_0044.jpg 1 18 27 44 44
0101_0017_0033_0052_0052.jpg 1 17 33 52 52
0102_0029_0049_0029_0029.jpg 1 29 49 29 29
0103_0021_0009_0032_0032.jpg 1 21 9 32 32
0104_0012_0016_0051_0051.jpg 1 12 16 51 51
0105_0013_0016_0069_0069.jpg 1 13 16 69 69
0106_0022_0033_0054_0054.jpg 1 22 33 54 54
0107_0012_0026_0059_0059.jpg 1 12 26 59 59
0108_0013_0050_0028_0028.jpg 1 13 50 28 28
0109_0025_0011_0060_0060.jpg 1 25 11 60 60
0110_0031_0046_0036_0036.jpg 1 31 46 36 36
0111_0058_0035_0025_0025.jpg 1 58 35 25 25
0112_0017_0037_0050_0050.jpg 1 17 37 50 50
0113_0046_0014_0041_0041.jpg 1 46 14 41 41
0114_0008_0012_0061_0061.jpg 1 8 12 61 61
0115_0035_0044_0040_0040.jpg 1 35 44 40 40
0116_0022_0013_0059_0059.jpg 1 22 13 59 59
0117_0014_0032_0027_0027.jpg 1 14 32 27 27
0118_0030_0031_0040_0040.jpg 1 30 31 40 40
0119_0010_0023_0057_0057.jpg 1 10 23 57 57
0120_0008_0019_0058_0058.jpg 1 8 19 58 58
0121_0015_0019_0051_0051.jpg 1 15 19 51 51
0122_0006_0025_0061_0061.jpg 1 6 25 61 61
0123_0028_0020_0058_0058.jpg 1 28 20 58 58
0124_0025_0010_0035_0035.jpg 1 25 10 35 35
0125_0023_0005_0048_0048.jpg 1 23 5 48 48
0126_0034_0054_0028_0028.jpg 1 34 54 28 28
0127_0027_0038_0039_0039.jpg 1 27 38 39 39
0128_0014_0033_0046_0046.jpg 1 14 33 46 46
0129_0046_0048_0038_0038.jpg 1 46 48 38 38
0130_0039_0008_0040_0040.jpg 1 39 8 40 40
0131_0013_0012_0065_0065.jpg 1 13 12 65 65
0132_0030_0023_0043_0043.jpg 1 30 23 43 43
0133_0045_0048_0038_0038.jpg 1 45 48 38 38
0134_0036_0020_0046_0046.jpg 1 36 20 46 46
0135_0057_0047_0027_0027.jpg 1 57 47 27 27
0136_0050_0042_0032_0032.jpg 1 50 42 32 32
0137_0050_0019_0032_0032.jpg 1 50 19 32 32
0138_0032_0023_0034_0034.jpg 1 32 23 34 34
0139_0041_0030_0045_0045.jpg 1 41 30 45 45
0140_0008_0050_0028_0028.jpg 1 8 50 28 28
0141_0024_0016_0045_0045.jpg 1 24 16 45 45
0142_0034_0005_0056_0056.jpg 1 34 5 56 56
0143_0048_0026_0032_0032.jpg 1 48 26 32 32
0144_0032_0014_0038_0038.jpg 1 32 14 38 38
0145_0022_0031_0046_0046.jpg 1 22 31 46 46
0146_0015_0006_0068_0068.jpg 1 15 6 68 68
0147_0020_0022_0066_0066.jpg 1 20 22 66 66
0148_0023_0010_0049_0049.jpg 1 23 10 49 49
0149_0036_0041_0040_0040.jpg 1 36 41 40 40
0150_0017_0022_0035_0035.jpg 1 17 22 35 35
0151_0052_0046_0034_0034.jpg 1 52 46 34 34
0152_0006_0007_0054_0054.jpg 1 6 7 54 54
0153_0036_0014_0043_0043.jpg 1 36 14 43 43
0154_0022_0009_0064_0064.jpg 1 22 9 64 64
0155_0034_0026_0055_0055.jpg 1 34 26 55 55
0156_0014_0019_0059_0059.jpg 1 14 19 59 59
0157_0010_0011_0057_0057.jpg 1 10 11 57 57
0158_0014_0004_0065_0065.jpg 1 14 4 65 65
0159_0042_0045_0042_0042.jpg 1 42 45 42 42
0160_0023_0023_0040_0040.jpg 1 23 23 40 40
0161_0015_0024_0027_0027.jpg 1 15 24 27 27
0162_0014_0035_0027_0027.jpg 1 14 35 27 27
0163_0029_0017_0058_0058.jpg 1 29 17 58 58
0164_0008_0007_0054_0054.jpg 1 8 7 54 54
0165_0008_0037_0049_0049.jpg 1 8 37 49 49
0166_0044_0015_0034_0034.jpg 1 44 15 34 34
0167_0029_0053_0027_0027.jpg 1 29 53 27 27
0168_0017_0028_0028_0028.jpg 1 17 28 28 28
0169_0041_0036_0025_0025.jpg 1 41 36 25 25
0170_0010_0004_0056_0056.jpg 1 10 4 56 56
0171_0020_0009_0053_0053.jpg 1 20 9 53 53
0172_0038_0031_0034_0034.jpg 1 38 31 34 34
0173_0004_0007_0059_0059.jpg 1 4 7 59 59
0174_0036_0042_0031_0031.jpg 1 36 42 31 31
0175_0009_0018_0068_0068.jpg 1 9 18 68 68
0176_0015_0014_0033_0033.jpg 1 15 14 33 33
0177_0049_0023_0033_0033.jpg 1 49 23 33 33
0178_0046_0040_0038_0038.jpg 1 46 40 38 38
0179_0012_0027_0050_0050.jpg 1 12 27 50 50
0180_0007_0055_0027_0027.jpg 1 7 55 27 27
0181_0043_0020_0039_0039.jpg 1 43 20 39 39
0182_0008_0013_0069_0069.jpg 1 8 13 69 69
0183_0025_0028_0025_0025.jpg 1 25 28 25 25
0184_0014_0009_0041_0041.jpg 1 14 9 41 41
0185_0013_0025_0051_0051.jpg 1 13 25 51 51
0186_0010_0014_0040_0040.jpg 1 10 14 40 40
0187_0021_0031_0052_0052.jpg 1 21 31 52 52
0188_0009_0023_0059_0059.jpg 1 9 23 59 59
0189_0016_0036_0036_0036.jpg 1 16 36 36 36
0190_0017_0053_0030_0030.jpg 1 17 53 30 30
0191_0025_0030_0059_0059.jpg 1 25 30 59 59
0192_0027_0015_0036_0036.jpg 1 27 15 36 36
0193_0012_0007_0066_0066.jpg 1 12 7 66 66
0194_0017_0013_0069_0069.jpg 1 17 13 69 69
0195_0012_0024_0029_0029.jpg 1 12 24 29 29
0196_0025_0023_0065_0065.jpg 1 25 23 65 65
0197_0012_0015_0039_0039.jpg 1 12 15 39 39
0198_0035_0039_0047_0047.jpg 1 35 39 47 47
0199_0037_0027_0047_0047.jpg 1 37 27 47 47
0200_0007_0011_0058_0058.jpg 1 7 11 58 58
0201_0038_0013_0051_0051.jpg 1 38 13 51 51
0202_0016_0031_0046_0046.jpg 1 16 31 46 46
0203_0008_0018_0069_0069.jpg 1 8 18 69 69
0204_0016_0013_0054_0054.jpg 1 16 13 54 54
0205_0014_0031_0044_0044.jpg 1 14 31 44 44
0206_0012_0006_0066_0066.jpg 1 12 6 66 66
0207_0027_0012_0058_0058.jpg 1 27 12 58 58
0208_0006_0026_0063_0063.jpg 1 6 26 63 63
0209_0013_0021_0069_0069.jpg 1 13 21 69 69
0210_0023_0031_0028_0028.jpg 1 23 31 28 28
0211_0035_0009_0027_0027.jpg 1 35 9 27 27
0212_0022_0028_0059_0059.jpg 1 22 28 59 59
0213_0025_0018_0025_0025.jpg 1 25 18 25 25
0214_0026_0008_0066_0066.jpg 1 26 8 66 66
0215_0035_0038_0044_0044.jpg 1 35 38 44 44
0216_0020_0031_0045_0045.jpg 1 20 31 45 45
0217_0037_0042_0046_0046.jpg 1 37 42 46 46
0218_0029_0009_0057_0057.jpg 1 29 9 57 57
0219_0043_0042_0035_0035.jpg 1 43 42 35 35
0220_0020_0040_0041_0041.jpg 1 20 40 41 41
0221_0044_0017_0035_0035.jpg 1 44 17 35 35
0222_0040_0006_0048_0048.jpg 1 40 6 48 48
0223_0009_0023_0026_0026.jpg 1 9 23 26 26
0224_0030_0028_0054_0054.jpg 1 30 28 54 54
0225_0005_0029_0050_0050.jpg 1 5 29 50 50
0226_0022_0016_0053_0053.jpg 1 22 16 53 53
0227_0041_0037_0042_0042.jpg 1 41 37 42 42
0228_0013_0049_0034_0034.jpg 1 13 49 34 34
0229_0015_0008_0067_0067.jpg 1 15 8 67 67
0230_0024_0025_0067_0067.jpg 1 24 25 67 67
0231_0015_0021_0063_0063.jpg 1 15 21 63 63
0232_0015_0034_0053_0053.jpg 1 15 34 53 53
0233_0008_0024_0049_0049.jpg 1 8 24 49 49
0234_0023_0006_0057_0057.jpg 1 23 6 57 57
0235_0014_0006_0060_0060.jpg 1 14 6 60 60
0236_0048_0037_0026_0026.jpg 1 48 37 26 26
0237_0014_0010_0039_0039.jpg 1 14 10 39 39
0238_0024_0025_0065_0065.jpg 1 24 25 65 65
0239_0008_0020_0069_0069.jpg 1 8 20 69 69
0240_0045_0043_0038_0038.jpg 1 45 43 38 38
0241_0038_0042_0046_0046.jpg 1 38 42 46 46
0242_0014_0035_0044_0044.jpg 1 14 35 44 44
0243_0012_0006_0062_0062.jpg 1 12 6 62 62
0244_0024_0023_0066_0066.jpg 1 24 23 66 66
0245_0036_0015_0050_0050.jpg 1 36 15 50 50
0246_0033_0038_0040_0040.jpg 1 33 38 40 40
0247_0012_0014_0069_0069.jpg 1 12 14 69 69
0248_0023_0026_0037_0037.jpg 1 23 26 37 37
0249_0032_0021_0035_0035.jpg 1 32 21 35 35
0250_0011_0014_0048_0048.jpg 1 11 14 48 48
0251_0012_0020_0060_0060.jpg 1 12 20 60 60
0252_0034_0021_0054_0054.jpg 1 34 21 54 54
0253_0010_0010_0041_0041.jpg 1 10 10 41 41
0254_0010_0014_0052_0052.jpg 1 10 14 52 52
0255_0049_0007_0035_0035.jpg 1 49 7 35 35
0256_0034_0029_0033_0033.jpg 1 34 29 33 33
0257_0027_0032_0051_0051.jpg 1 27 32 51 51
0258_0007_0008_0043_0043.jpg 1 7 8 43 43
0259_0021_0037_0026_0026.jpg 1 21 37 26 26
0260_0054_0051_0031_0031.jpg 1 54 51 31 31
0261_0038_0028_0038_0038.jpg 1 38 28 38 38
0262_0008_0017_0039_0039.jpg 1 8 17 39 39
0263_0028_0012_0061_0061.jpg 1 28 12 61 61
0264_0016_0027_0055_0055.jpg 1 16 27 55 55
0265_0025_0029_0055_0055.jpg 1 25 29 55 55
0266_0006_0046_0041_0041.jpg 1 6 46 41 41
0267_0056_0010_0028_0028.jpg 1 56 10 28 28
0268_0021_0034_0052_0052.jpg 1 21 34 52 52
0269_0009_0016_0058_0058.jpg 1 9 16 58 58
0270_0019_0007_0058_0058.jpg 1 19 7 58 58
0271_0027_0019_0052_0052.jpg 1 27 19 52 52
0272_0033_0047_0025_0025.jpg 1 33 47 25 25
0273_0007_0014_0063_0063.jpg 1 7 14 63 63
0274_0014_0047_0024_0024.jpg 1 14 47 24 24
0275_0013_0026_0046_0046.jpg 1 13 26 46 46
0276_0023_0010_0038_0038.jpg 1 23 10 38 38
0277_0015_0007_0059_0059.jpg 1 15 7 59 59
0278_0020_0046_0036_0036.jpg 1 20 46 36 36
0279_0023_0009_0034_0034.jpg 1 23 9 34 34
0280_0037_0013_0050_0050.jpg 1 37 13 50 50
0281_0020_0023_0067_0067.jpg 1 20 23 67 67
0282_0038_0032_0047_0047.jpg 1 38 32 47 47
0283_0022_0017_0066_0066.jpg 1 22 17 66 66
0284_0014_0019_0030_0030.jpg 1 14 19 30 30
0285_0036_0025_0044_0044.jpg 1 36 25 44 44
0286_0020_0013_0069_0069.jpg 1 20 13 69 69
0287_0005_0007_0061_0061.jpg 1 5 7 61 61
0288_0042_0036_0037_0037.jpg 1 42 36 37 37
0289_0020_0039_0037_0037.jpg 1 20 39 37 37
0290_0016_0010_0062_0062.jpg 1 16 10 62 62
0291_0022_0011_0059_0059.jpg 1 22 11 59 59
0292_0029_0030_0061_0061.jpg 1 29 30 61 61
0293_0033_0034_0033_0033.jpg 1 33 34 33 33
0294_0010_0022_0063_0063.jpg 1 10 22 63 63
0295_0020_0006_0063_0063.jpg 1 20 6 63 63
0296_0021_0038_0024_0024.jpg 1 21 38 24 24
0297_0025_0012_0048_0048.jpg 1 25 12 48 48
0298_0022_0025_0068_0068.jpg 1 22 25 68 68
0299_0028_0020_0064_0064.jpg 1 28 20 64 64
0300_0017_0020_0062_0062.jpg 1 17 20 62 62
0301_0008_0007_0062_0062.jpg 1 8 7 62 62
0302_0016_0013_0069_0069.jpg 1 16 13 69 69
0303_0006_0022_0069_0069.jpg 1 6 22 69 69
0304_0035_0017_0053_0053.jpg 1 35 17 53 53
0305_0050_0029_0031_0031.jpg 1 50 29 31 31
0306_0021_0026_0064_0064.jpg 1 21 26 64 64
0307_0005_0004_0061_0061.jpg 1 5 4 61 61
0308_0015_0021_0062_0062.jpg 1 15 21 62 62
0309_0024_0022_0067_0067.jpg 1 24 22 67 67
0310_0024_0025_0040_0040.jpg 1 24 25 40 40
0311_0049_0028_0028_0028.jpg 1 49 28 28 28
0312_0055_0027_0025_0025.jpg 1 55 27 25 25
0313_0055_0054_0028_0028.jpg 1 55 54 28 28
0314_0038_0020_0044_0044.jpg 1 38 20 44 44
0315_0014_0021_0058_0058.jpg 1 14 21 58 58
0316_0012_0022_0062_0062.jpg 1 12 22 62 62
0317_0025_0007_0066_0066.jpg 1 25 7 66 66
0318_0011_0026_0066_0066.jpg 1 11 26 66 66
0319_0043_0041_0025_0025.jpg 1 43 41 25 25
0320_0008_0031_0060_0060.jpg 1 8 31 60 60
0321_0048_0055_0028_0028.jpg 1 48 55 28 28
0322_0014_0040_0030_0030.jpg 1 14 40 30 30
0323_0010_0022_0063_0063.jpg 1 10 22 63 63
0324_0023_0027_0062_0062.jpg 1 23 27 62 62
0325_0014_0012_0058_0058.jpg 1 14 12 58 58
0326_0012_0020_0046_0046.jpg 1 12 20 46 46
0327_0025_0019_0059_0059.jpg 1 25 19 59 59
0328_0029_0011_0057_0057.jpg 1 29 11 57 57
0329_0005_0009_0054_0054.jpg 1 5 9 54 54
0330_0030_0035_0045_0045.jpg 1 30 35 45 45
0331_0014_0016_0041_0041.jpg 1 14 16 41 41
0332_0008_0013_0040_0040.jpg 1 8 13 40 40
0333_0013_0042_0035_0035.jpg 1 13 42 35 35
0334_0009_0005_0067_0067.jpg 1 9 5 67 67
0335_0019_0058_0024_0024.jpg 1 19 58 24 24
0336_0015_0009_0069_0069.jpg 1 15 9 69 69
0337_0012_0010_0056_0056.jpg 1 12 10 56 56
0338_0031_0018_0043_0043.jpg 1 31 18 43 43
0339_0021_0023_0032_0032.jpg 1 21 23 32 32
0340_0028_0041_0035_0035.jpg 1 28 41 35 35
0341_0015_0038_0038_0038.jpg 1 15 38 38 38
0342_0038_0014_0049_0049.jpg 1 38 14 49 49
0343_0008_0021_0034_0034.jpg 1 8 21 34 34
0344_0026_0010_0066_0066.jpg 1 26 10 66 66
0345_0014_0016_0056_0056.jpg 1 14 16 56 56
0346_0053_0041_0032_0032.jpg 1 53 41 32 32
0347_0013_0008_0047_0047.jpg 1 13 8 47 47
0348_0011_0017_0067_0067.jpg 1 11 17 67 67
0349_0011_0031_0060_0060.jpg 1 11 31 60 60
0350_0016_0022_0064_0064.jpg 1 16 22 64 64
0351_0019_0033_0051_0051.jpg 1 19 33 51 51
0352_0012_0031_0055_0055.jpg 1 12 31 55 55
0353_0015_0026_0027_0027.jpg 1 15 26 27 27
0354_0025_0035_0027_0027.jpg 1 25 35 27 27
0355_0013_0017_0069_0069.jpg 1 13 17 69 69
0356_0028_0010_0038_0038.jpg 1 28 10 38 38
0357_0009_0009_0050_0050.jpg 1 9 9 50 50
0358_0015_0022_0067_0067.jpg 1 15 22 67 67
0359_0008_0008_0053_0053.jpg 1 8 8 53 53
0360_0031_0017_0034_0034.jpg 1 31 17 34 34
0361_0023_0013_0054_0054.jpg 1 23 13 54 54
0362_0028_0021_0051_0051.jpg 1 28 21 51 51
0363_0012_0030_0049_0049.jpg 1 12 30 49 49
0364_0016_0022_0066_0066.jpg 1 16 22 66 66
0365_0017_0021_0030_0030.jpg 1 17 21 30 30
0366_0043_0047_0032_0032.jpg 1 43 47 32 32
0367_0026_0023_0034_0034.jpg 1 26 23 34 34
0368_0018_0052_0028_0028.jpg 1 18 52 28 28
0369_0035_0028_0052_0052.jpg 1 35 28 52 52
0370_0032_0021_0043_0043.jpg 1 32 21 43 43
0371_0046_0036_0032_0032.jpg 1 46 36 32 32
0372_0016_0004_0063_0063.jpg 1 16 4 63 63
0373_0015_0040_0045_0045.jpg 1 15 40 45 45
0374_0025_0020_0053_0053.jpg 1 25 20 53 53
0375_0028_0024_0050_0050.jpg 1 28 24 50 50
0376_0036_0054_0025_0025.jpg 1 36 54 25 25
0377_0018_0009_0047_0047.jpg 1 18 9 47 47
0378_0018_0009_0041_0041.jpg 1 18 9 41 41
0379_0015_0044_0035_0035.jpg 1 15 44 35 35
0380_0034_0020_0025_0025.jpg 1 34 20 25 25
0381_0033_0012_0044_0044.jpg 1 33 12 44 44
0382_0025_0014_0043_0043.jpg 1 25 14 43 43
0383_0018_0013_0037_0037.jpg 1 18 13 37 37
0384_0025_0023_0064_0064.jpg 1 25 23 64 64
0385_0020_0022_0051_0051.jpg 1 20 22 51 51
0386_0025_0008_0056_0056.jpg 1 25 8 56 56
0387_0019_0025_0060_0060.jpg 1 19 25 60 60
0388_0023_0011_0054_0054.jpg 1 23 11 54 54
0389_0016_0013_0025_0025.jpg 1 16 13 25 25
0390_0019_0024_0056_0056.jpg 1 19 24 56 56
0391_0025_0039_0047_0047.jpg 1 25 39 47 47
0392_0022_0024_0052_0052.jpg 1 22 24 52 52
0393_0010_0019_0044_0044.jpg 1 10 19 44 44
0394_0007_0027_0057_0057.jpg 1 7 27 57 57
0395_0013_0028_0061_0061.jpg 1 13 28 61 61
0396_0026_0018_0046_0046.jpg 1 26 18 46 46
0397_0015_0022_0068_0068.jpg 1 15 22 68 68
0398_0018_0016_0054_0054.jpg 1 18 16 54 54
0399_0034_0026_0050_0050.jpg 1 34 26 50 50
0400_0016_0013_0069_0069.jpg 1 16 13 69 69
0401_0024_0006_0055_0055.jpg 1 24 6 55 55
0402_0004_0021_0057_0057.jpg 1 4 21 57 57
0403_0019_0045_0041_0041.jpg 1 19 45 41 41
0404_0035_0054_0027_0027.jpg 1 35 54 27 27
0405_0037_0029_0043_0043.jpg 1 37 29 43 43
0406_0021_0019_0057_0057.jpg 1 21 19 57 57
0407_0006_0014_0032_0032.jpg 1 6 14 32 32
0408_0045_0042_0024_0024.jpg 1 45 42 24 24
0409_0025_0003_0068_0068.jpg 1 25 3 68 68
0410_0028_0051_0033_0033.jpg 1 28 51 33 33
0411_0028_0024_0037_0037.jpg 1 28 24 37 37
0412_0037_0016_0033_0033.jpg 1 37 16 33 33
0413_0013_0045_0040_0040.jpg 1 13 45 40 40
0414_0013_0008_0067_0067.jpg 1 13 8 67 67
0415_0007_0004_0069_0069.jpg 1 7 4 69 69
0416_0026_0009_0034_0034.jpg 1 26 9 34 34
0417_0023_0015_0040_0040.jpg 1 23 15 40 40
0418_0043_0018_0040_0040.jpg 1 43 18 40 40
0419_0006_0023_0054_0054.jpg 1 6 23 54 54
0420_0018_0026_0049_0049.jpg 1 18 26 49 49
0421_0020_0025_0067_0067.jpg 1 20 25 67 67
0422_0007_0016_0064_0064.jpg 1 7 16 64 64
0423_0016_0037_0051_0051.jpg 1 16 37 51 51
0424_0040_0019_0026_0026.jpg 1 40 19 26 26
0425_0007_0010_0060_0060.jpg 1 7 10 60 60
0426_0028_0022_0043_0043.jpg 1 28 22 43 43
0427_0004_0018_0064_0064.jpg 1 4 18 64 64
0428_0016_0014_0057_0057.jpg 1 16 14 57 57
0429_0047_0036_0039_0039.jpg 1 47 36 39 39
0430_0023_0017_0032_0032.jpg 1 23 17 32 32
0431_0024_0016_0031_0031.jpg 1 24 16 31 31
0432_0025_0008_0050_0050.jpg 1 25 8 50 50
0433_0014_0050_0030_0030.jpg 1 14 50 30 30
0434_0011_0016_0045_0045.jpg 1 11 16 45 45
0435_0036_0014_0048_0048.jpg 1 36 14 48 48
0436_0009_0020_0033_0033.jpg 1 9 20 33 33
0437_0014_0030_0059_0059.jpg 1 14 30 59 59
0438_0010_0034_0046_0046.jpg 1 10 34 46 46
0439_0027_0007_0064_0064.jpg 1 27 7 64 64
0440_0009_0017_0026_0026.jpg 1 9 17 26 26
0441_0029_0007_0058_0058.jpg 1 29 7 58 58
0442_0033_0029_0054_0054.jpg 1 33 29 54 54
0443_0006_0010_0045_0045.jpg 1 6 10 45 45
0444_0028_0040_0035_0035.jpg 1 28 40 35 35
0445_0026_0008_0057_0057.jpg 1 26 8 57 57
0446_0037_0014_0039_0039.jpg 1 37 14 39 39
0447_0028_0009_0044_0044.jpg 1 28 9 44 44
0448_0014_0020_0068_0068.jpg 1 14 20 68 68
0449_0017_0035_0053_0053.jpg 1 17 35 53 53
0450_0020_0021_0060_0060.jpg 1 20 21 60 60
0451_0029_0014_0061_0061.jpg 1 29 14 61 61
0452_0019_0013_0063_0063.jpg 1 19 13 63 63
0453_0012_0023_0046_0046.jpg 1 12 23 46 46
0454_0008_0025_0034_0034.jpg 1 8 25 34 34
0455_0036_0043_0027_0027.jpg 1 36 43 27 27
0456_0042_0035_0029_0029.jpg 1 42 35 29 29
0457_0010_0027_0064_0064.jpg 1 10 27 64 64
0458_0023_0027_0058_0058.jpg 1 23 27 58 58
0459_0028_0022_0052_0052.jpg 1 28 22 52 52
0460_0027_0021_0058_0058.jpg 1 27 21 58 58
0461_0035_0008_0031_0031.jpg 1 35 8 31 31
0462_0029_0007_0047_0047.jpg 1 29 7 47 47
0463_0032_0037_0049_0049.jpg 1 32 37 49 49
0464_0011_0022_0067_0067.jpg 1 11 22 67 67
0465_0017_0022_0066_0066.jpg 1 17 22 66 66
0466_0015_0057_0024_0024.jpg 1 15 57 24 24
0467_0025_0020_0062_0062.jpg 1 25 20 62 62
0468_0024_0021_0026_0026.jpg 1 24 21 26 26
0469_0048_0020_0039_0039.jpg 1 48 20 39 39
0470_0024_0019_0067_0067.jpg 1 24 19 67 67
0471_0010_0038_0040_0040.jpg 1 10 38 40 40
0472_0031_0016_0024_0024.jpg 1 31 16 24 24
0473_0022_0032_0033_0033.jpg 1 22 32 33 33
0474_0020_0023_0033_0033.jpg 1 20 23 33 33
0475_0023_0019_0055_0055.jpg 1 23 19 55 55
0476_0054_0055_0027_0027.jpg 1 54 55 27 27
0477_0022_0016_0043_0043.jpg 1 22 16 43 43
0478_0028_0007_0057_0057.jpg 1 28 7 57 57
0479_0038_0035_0037_0037.jpg 1 38 35 37 37
0480_0027_0052_0031_0031.jpg 1 27 52 31 31
0481_0031_0015_0038_0038.jpg 1 31 15 38 38
0482_0037_0018_0030_0030.jpg 1 37 18 30 30
0483_0025_0007_0054_0054.jpg 1 25 7 54 54
0484_0027_0009_0063_0063.jpg 1 27 9 63 63
0485_0044_0007_0040_0040.jpg 1 44 7 40 40
0486_0026_0016_0059_0059.jpg 1 26 16 59 59
0487_0041_0017_0042_0042.jpg 1 41 17 42 42
0488_0023_0005_0067_0067.jpg 1 23 5 67 67
0489_0016_0016_0065_0065.jpg 1 16 16 65 65
0490_0049_0015_0035_0035.jpg 1 49 15 35 35
0491_0036_0022_0039_0039.jpg 1 36 22 39 39
0492_0026_0005_0055_0055.jpg 1 26 5 55 55
0493_0031_0013_0041_0041.jpg 1 31 13 41 41
0494_0024_0023_0064_0064.jpg 1 24 23 64 64
0495_0032_0016_0050_0050.jpg 1 32 16 50 50
0496_0016_0033_0044_0044.jpg 1 16 33 44 44
0497_0023_0015_0069_0069.jpg 1 23 15 69 69
0498_0006_0024_0058_0058.jpg 1 6 24 58 58
0499_0042_0014_0026_0026.jpg 1 42 14 26 26
0500_0013_0018_0059_0059.jpg 1 13 18 59 59
0501_0052_0008_0030_0030.jpg 1 52 8 30 30
0502_0022_0012_0065_0065.jpg 1 22 12 65 65
0503_0006_0027_0035_0035.jpg 1 6 27 35 35
0504_0054_0026_0025_0025.jpg 1 54 26 25 25
0505_0005_0006_0069_0069.jpg 1 5 6 69 69
0506_0056_0009_0024_0024.jpg 1 56 9 24 24
0507_0042_0036_0039_0039.jpg 1 42 36 39 39
0508_0009_0027_0055_0055.jpg 1 9 27 55 55
0509_0006_0009_0051_0051.jpg 1 6 9 51 51
0510_0025_0021_0058_0058.jpg 1 25 21 58 58
0511_0023_0019_0038_0038.jpg 1 23 19 38 38
0512_0045_0019_0034_0034.jpg 1 45 19 34 34
0513_0028_0018_0039_0039.jpg 1 28 18 39 39
0514_0014_0036_0033_0033.jpg 1 14 36 33 33
0515_0025_0010_0036_0036.jpg 1 25 10 36 36
0516_0016_0040_0044_0044.jpg 1 16 40 44 44
0517_0021_0015_0061_0061.jpg 1 21 15 61 61
0518_0050_0043_0031_0031.jpg 1 50 43 31 31
0519_0029_0032_0050_0050.jpg 1 29 32 50 50
0520_0040_0019_0031_0031.jpg 1 40 19 31 31
0521_0035_0025_0051_0051.jpg 1 35 25 51 51
0522_0005_0029_0060_0060.jpg 1 5 29 60 60
0523_0032_0017_0058_0058.jpg 1 32 17 58 58
0524_0022_0017_0067_0067.jpg 1 22 17 67 67
0525_0013_0023_0065_0065.jpg 1 13 23 65 65
0526_0054_0021_0025_0025.jpg 1 54 21 25 25
0527_0042_0054_0030_0030.jpg 1 42 54 30 30
0528_0053_0041_0028_0028.jpg 1 53 41 28 28
0529_0022_0021_0032_0032.jpg 1 22 21 32 32
0530_0030_0032_0040_0040.jpg 1 30 32 40 40
0531_0022_0005_0065_0065.jpg 1 22 5 65 65
0532_0015_0042_0028_0028.jpg 1 15 42 28 28
0533_0036_0034_0029_0029.jpg 1 36 34 29 29
0534_0032_0013_0050_0050.jpg 1 32 13 50 50
0535_0012_0029_0041_0041.jpg 1 12 29 41 41
0536_0016_0025_0059_0059.jpg 1 16 25 59 59
0537_0033_0038_0043_0043.jpg 1 33 38 43 43
0538_0025_0021_0062_0062.jpg 1 25 21 62 62
0539_0012_0037_0024_0024.jpg 1 12 37 24 24
0540_0046_0037_0040_0040.jpg 1 46 37 40 40
0541_0019_0026_0066_0066.jpg 1 19 26 66 66
0542_0026_0010_0031_0031.jpg 1 26 10 31 31
0543_0054_0022_0031_0031.jpg 1 54 22 31 31
0544_0019_0021_0060_0060.jpg 1 19 21 60 60
0545_0020_0035_0056_0056.jpg 1 20 35 56 56
0546_0012_0035_0046_0046.jpg 1 12 35 46 46
0547_0014_0027_0038_0038.jpg 1 14 27 38 38
0548_0028_0016_0064_0064.jpg 1 28 16 64 64
0549_0006_0032_0056_0056.jpg 1 6 32 56 56
0550_0051_0036_0027_0027.jpg 1 51 36 27 27
0551_0039_0028_0050_0050.jpg 1 39 28 50 50
0552_0019_0025_0028_0028.jpg 1 19 25 28 28
0553_0042_0006_0043_0043.jpg 1 42 6 43 43
0554_0025_0037_0039_0039.jpg 1 25 37 39 39
0555_0007_0034_0027_0027.jpg 1 7 34 27 27
0556_0014_0010_0063_0063.jpg 1 14 10 63 63
0557_0022_0021_0061_0061.jpg 1 22 21 61 61
0558_0017_0020_0066_0066.jpg 1 17 20 66 66
0559_0005_0009_0057_0057.jpg 1 5 9 57 57
0560_0018_0021_0055_0055.jpg 1 18 21 55 55
0561_0045_0018_0037_0037.jpg 1 45 18 37 37
0562_0040_0016_0040_0040.jpg 1 40 16 40 40
0563_0008_0033_0053_0053.jpg 1 8 33 53 53
0564_0017_0009_0049_0049.jpg 1 17 9 49 49
0565_0018_0008_0058_0058.jpg 1 18 8 58 58
0566_0044_0050_0028_0028.jpg 1 44 50 28 28
0567_0007_0039_0041_0041.jpg 1 7 39 41 41
0568_0010_0008_0024_0024.jpg 1 10 8 24 24
0569_0042_0037_0044_0044.jpg 1 42 37 44 44
0570_0011_0040_0024_0024.jpg 1 11 40 24 24
0571_0025_0037_0031_0031.jpg 1 25 37 31 31
0572_0018_0032_0040_0040.jpg 1 18 32 40 40
0573_0013_0031_0030_0030.jpg 1 13 31 30 30
0574_0027_0019_0061_0061.jpg 1 27 19 61 61
0575_0050_0010_0036_0036.jpg 1 50 10 36 36
0576_0043_0039_0026_0026.jpg 1 43 39 26 26
0577_0041_0017_0048_0048.jpg 1 41 17 48 48
0578_0031_0015_0059_0059.jpg 1 31 15 59 59
0579_0026_0025_0059_0059.jpg 1 26 25 59 59
0580_0028_0023_0029_0029.jpg 1 28 23 29 29
0581_0007_0041_0034_0034.jpg 1 7 41 34 34
0582_0011_0015_0063_0063.jpg 1 11 15 63 63
0583_0058_0046_0024_0024.jpg 1 58 46 24 24
0584_0016_0041_0027_0027.jpg 1 16 41 27 27
0585_0044_0045_0040_0040.jpg 1 44 45 40 40
0586_0058_0046_0027_0027.jpg 1 58 46 27 27
0587_0010_0019_0055_0055.jpg 1 10 19 55 55
0588_0020_0012_0041_0041.jpg 1 20 12 41 41
0589_0025_0041_0029_0029.jpg 1 25 41 29 29
0590_0023_0011_0042_0042.jpg 1 23 11 42 42
0591_0015_0054_0032_0032.jpg 1 15 54 32 32
0592_0051_0048_0033_0033.jpg 1 51 48 33 33
0593_0041_0040_0041_0041.jpg 1 41 40 41 41
0594_0018_0035_0024_0024.jpg 1 18 35 24 24
0595_0008_0033_0046_0046.jpg 1 8 33 46 46
0596_0049_0027_0037_0037.jpg 1 49 27 37 37
0597_0054_0010_0027_0027.jpg 1 54 10 27 27
0598_0006_0027_0066_0066.jpg 1 6 27 66 66
0599_0023_0019_0065_0065.jpg 1 23 19 65 65
0600_0058_0014_0025_0025.jpg 1 58 14 25 25
